1. Java 8
========================================================================================================

Theoretical Interview Questions:
What are the main features introduced in Java 8?

Java 8 introduced several significant features, including Lambda expressions, the Stream API, the java.time package for date and time handling, default methods in interfaces, and the Optional class.
What is a Lambda expression?

Lambda expressions in Java 8 provide a concise way to represent anonymous functions. They enable you to treat functionality as a method argument or to create more compact code when working with functional interfaces.
What is a functional interface?

A functional interface is an interface that contains only one abstract method. Functional interfaces are used to provide target types for lambda expressions and method references.
What is the Stream API in Java 8?

The Stream API in Java 8 provides a mechanism to process collections of objects in a functional manner. It allows operations to be performed on a sequence of elements, such as filtering, mapping, sorting, and reducing.
What are the benefits of using the Stream API?

The benefits of using the Stream API include concise and expressive code, support for parallel processing, lazy evaluation, and integration with lambda expressions.
What are default methods in interfaces?

Default methods in interfaces allow the addition of new methods to interfaces without breaking existing implementations. They provide a default implementation that can be overridden by implementing classes.
What is the Optional class in Java 8?

The Optional class in Java 8 is a container object that may or may not contain a non-null value. It is used to reduce the occurrence of null pointer exceptions and to represent the presence or absence of a value.
Coding Interview Questions:
Write a lambda expression to sort a list of strings in ascending order.

java
Copy code
List<String> list = new ArrayList<>();
// Populate the list
list.sort((s1, s2) -> s1.compareTo(s2));
Use the Stream API to filter even numbers from a list and print them.

java
Copy code
List<Integer> numbers = Arrays.asList(1, 2, 3, 4, 5, 6, 7, 8, 9, 10);
numbers.stream()
       .filter(n -> n % 2 == 0)
       .forEach(System.out::println);
Implement a custom functional interface and use a lambda expression with it.

java
Copy code
interface MyFunction {
    void performAction(String message);
}

public class Main {
    public static void main(String[] args) {
        MyFunction function = (message) -> System.out.println("Message: " + message);
        function.performAction("Hello, world!");
    }
}
How can you use the java.time package to get the current date and time?

java
Copy code
LocalDateTime currentTime = LocalDateTime.now();
System.out.println("Current DateTime: " + currentTime);
What is the purpose of the map() function in the Stream API? Provide an example.

The map() function in the Stream API is used to transform each element of the stream by applying a function to it.
java
Copy code
List<String> names = Arrays.asList("John", "Alice", "Bob");
List<String> upperCaseNames = names.stream()
                                  .map(String::toUpperCase)
                                  .collect(Collectors.toList());
System.out.println(upperCaseNames); // Output: [JOHN, ALICE, BOB]

==================================================================================================================================================================================================

Java 8 theoretical interview question: https://www.interviewbit.com/java-8-interview-questions/
Java 8 Coding questions:
	https://blog.devgenius.io/java-8-coding-and-programming-interview-questions-and-answers-62512c44f062
	https://javaconceptoftheday.com/java-8-interview-sample-coding-questions/#google_vignette
	https://medium.com/@rohitk12r/top-20-java-8-programming-interview-questions-c06cb1f6e21f 
	https://github.com/rohitchavan-git/Java-8-Interview-Sample-Coding-Questions 
	=================================================================================================================================================================================================================================
	=================================================================================================================================================================================================================================
	
2. Spring boot



In Spring Boot, by default, if an exception occurs in any part of a transactional method, the entire transaction will be rolled back. However, there are scenarios where you might want to control the transactional behavior more finely, such as not rolling back the first transaction if the second transaction fails. This can be achieved using the @Transactional annotation and proper configuration.

Here's how you can handle this situation:

Nested Transactions:
Use the propagation attribute of the @Transactional annotation to specify the propagation behavior. Setting it to REQUIRES_NEW will create a new transaction, and any failure will only affect that specific transaction.
Wrap the second transaction inside a new method annotated with @Transactional(propagation = Propagation.REQUIRES_NEW).
java
in spring boot transaction management, what should i do to not rollback the first transaction if the 2nd transaction rolls back

import org.springframework.transaction.annotation.Transactional;
import org.springframework.transaction.annotation.Propagation;

@Service
public class MyService {

    @Autowired
    private MyRepository myRepository;

    @Transactional
    public void performFirstTransaction() {
        // ... logic for the first transaction
    }

    @Transactional(propagation = Propagation.REQUIRES_NEW)
    public void performSecondTransaction() {
        // ... logic for the second transaction
    }
}
With this setup, even if the second transaction fails and rolls back, the first transaction won't be affected.

Exception Handling:
If you want more fine-grained control over when to roll back or not, you can catch exceptions within your methods.
If an exception occurs in the second transaction and you don't want it to affect the first transaction, catch the exception and handle it appropriately.
java
Copy code
import org.springframework.transaction.annotation.Transactional;

@Service
public class MyService {

    @Autowired
    private MyRepository myRepository;

    @Transactional
    public void performFirstTransaction() {
        try {
            // ... logic for the first transaction
            performSecondTransaction();
        } catch (Exception ex) {
            // Handle the exception from the second transaction
        }
    }

    @Transactional
    public void performSecondTransaction() {
        // ... logic for the second transaction
    }
}
By catching the exception thrown by the second transaction, you prevent it from propagating up and triggering a rollback of the entire transaction.

It's important to note that nested transactions, as achieved through REQUIRES_NEW, can lead to more complex code and potential issues, so use them judiciously based on your specific use case and requirements. Additionally, not all transaction managers support nested transactions, so ensure that your transaction manager configuration is compatible with this approach.


what is dependency inversion and IOC container in spring boot

Dependency Inversion is a principle in object-oriented design that suggests high-level modules should not depend on low-level modules but both should depend on abstractions. It was introduced by Robert C. Martin and is one of the SOLID principles.

In simpler terms:

High-level modules (e.g., business logic) should not depend on low-level modules (e.g., data access details).
Both high-level and low-level modules should depend on abstractions (e.g., interfaces or abstract classes).
This inversion of dependencies allows for more flexible and maintainable code. In the context of Spring and Spring Boot, dependency inversion is often achieved through dependency injection.

Inversion of Control (IoC) Container:

In the context of Spring Boot, the Inversion of Control (IoC) container is a central concept. The IoC container is responsible for managing the lifecycle of objects (beans) and their dependencies. In simpler terms, instead of your application code creating and managing objects, the IoC container does it for you.

The IoC container achieves this through a process called dependency injection (DI), where dependencies are "injected" into the beans by the container. There are two main types of dependency injection:

Constructor Injection:

Dependencies are injected through the constructor of the class.
java
Copy code
public class MyClass {
    private final Dependency dependency;

    public MyClass(Dependency dependency) {
        this.dependency = dependency;
    }
}
Setter Injection:

Dependencies are injected through setter methods.
java
Copy code
public class MyClass {
    private Dependency dependency;

    public void setDependency(Dependency dependency) {
        this.dependency = dependency;
    }
}
Spring Boot and IoC Container:

In Spring Boot, the IoC container is part of the larger Spring Framework. Spring manages beans, their dependencies, and provides a range of services such as transaction management, security, and more.

Here's an example of how dependency injection works in a Spring Boot application:

java
Copy code
@Service
public class MyService {
    private final MyRepository myRepository;

    @Autowired
    public MyService(MyRepository myRepository) {
        this.myRepository = myRepository;
    }

    // ... other methods using myRepository
}
In this example, the MyService class has a dependency on MyRepository, and this dependency is injected through the constructor. The @Autowired annotation tells the Spring IoC container to provide an instance of MyRepository when creating an instance of MyService.

By relying on the IoC container and practicing dependency injection, you follow the principles of dependency inversion, making your code more modular, maintainable, and testable.

what are the scopes of bean in spring boot

In Spring Boot (and the broader Spring Framework), bean scopes define the lifecycle and visibility of a bean. The following are the common bean scopes in Spring:

Singleton (default):

The bean is created only once per Spring IoC container (per ApplicationContext).
The same instance is returned for every request for that bean within the container.
This is the default scope.
java
Copy code
@Service
public class MySingletonService {
    // ...
}
Prototype:

A new instance of the bean is created every time it is requested.
This scope is useful when you want a new instance for each interaction.
java
Copy code
@Scope("prototype")
@Service
public class MyPrototypeService {
    // ...
}
Request:

A new instance of the bean is created for each HTTP request.
This scope is specific to web-aware Spring ApplicationContext.
java
Copy code
@Scope(value = WebApplicationContext.SCOPE_REQUEST, proxyMode = ScopedProxyMode.TARGET_CLASS)
@Service
public class MyRequestScopedService {
    // ...
}
Session:

A new instance of the bean is created for each HTTP session.
Similar to the request scope, this is specific to web-aware Spring ApplicationContext.
java
Copy code
@Scope(value = WebApplicationContext.SCOPE_SESSION, proxyMode = ScopedProxyMode.TARGET_CLASS)
@Service
public class MySessionScopedService {
    // ...
}
Global Session:

This scope is similar to the session scope but is specific to a global HTTP session.
It is also specific to web-aware Spring ApplicationContext.
java
Copy code
@Scope(value = WebApplicationContext.SCOPE_GLOBAL_SESSION, proxyMode = ScopedProxyMode.TARGET_CLASS)
@Service
public class MyGlobalSessionScopedService {
    // ...
}
Application (deprecated):

Deprecated in favor of singleton scope. The bean is created only once per ServletContext (global to a web application).
java
Copy code
@Deprecated
@Scope(value = WebApplicationContext.SCOPE_APPLICATION, proxyMode = ScopedProxyMode.TARGET_CLASS)
@Service
public class MyApplicationScopedService {
    // ...
}
WebSocket:

A new instance of the bean is created for each WebSocket session.
This is specific to web-aware Spring ApplicationContext.
java
Copy code
@Scope(value = WebApplicationContext.SCOPE_WEBSOCKET, proxyMode = ScopedProxyMode.TARGET_CLASS)
@Service
public class MyWebSocketScopedService {
    // ...
}
Additionally, custom scopes can be defined if the standard ones don't meet your requirements. These scopes define when a bean is created and when it should be destroyed. The appropriate choice of scope depends on the specific use case and the behavior you want for your beans in a Spring Boot application.

AOP
======

Certainly! Let's go through a tutorial on Spring AOP (Aspect-Oriented Programming). AOP is a programming paradigm that enables modularization of cross-cutting concerns, such as logging, transaction management, and security. Spring AOP provides a way to modularize these concerns, making the code cleaner and more maintainable.

Step 1: Create a Spring Boot Project
Create a new Spring Boot project using Spring Initializr (https://start.spring.io/) or your preferred IDE. Include the "Spring Web" and "Spring AOP" dependencies.

Step 2: Define a Service Class
Create a simple service class that we will use for demonstration. For example:

java
Copy code
package com.example.demo.service;

import org.springframework.stereotype.Service;

@Service
public class MyService {

    public void doSomething() {
        System.out.println("Executing the core logic in MyService");
    }
}
Step 3: Create an Aspect
Create an aspect class. In Spring AOP, aspects are classes containing advice, which is the code that gets executed when a specific pointcut is matched. Let's create a simple aspect for logging:

java
Copy code
package com.example.demo.aspect;

import org.aspectj.lang.annotation.After;
import org.aspectj.lang.annotation.Aspect;
import org.aspectj.lang.annotation.Before;
import org.springframework.stereotype.Component;

@Aspect
@Component
public class LoggingAspect {

    @Before("execution(* com.example.demo.service.*.*(..))")
    public void logBeforeMethodExecution() {
        System.out.println("Before executing the method");
    }

    @After("execution(* com.example.demo.service.*.*(..))")
    public void logAfterMethodExecution() {
        System.out.println("After executing the method");
    }
}
In this aspect, we have defined two advice methods: logBeforeMethodExecution and logAfterMethodExecution. These methods are annotated with @Before and @After, respectively, indicating when they should be executed in relation to the target methods.

Step 4: Test the Application
Create a simple controller to test the service:

java
Copy code
package com.example.demo.controller;

import com.example.demo.service.MyService;
import org.springframework.beans.factory.annotation.Autowired;
import org.springframework.web.bind.annotation.GetMapping;
import org.springframework.web.bind.annotation.RestController;

@RestController
public class MyController {

    private final MyService myService;

    @Autowired
    public MyController(MyService myService) {
        this.myService = myService;
    }

    @GetMapping("/test")
    public String testAop() {
        myService.doSomething();
        return "Test completed";
    }
}
Step 5: Run the Application
Run your Spring Boot application, and navigate to http://localhost:8080/test. You should see output in the console indicating that the advice methods from the aspect were executed before and after the doSomething method in MyService.

Explanation:
The @Aspect annotation marks the LoggingAspect class as an aspect.
@Before and @After annotations define when the advice methods should be executed based on pointcut expressions. In this case, they are executed before and after the methods in the com.example.demo.service package.
Pointcut expressions define where the advice methods should be applied. The expression used here (execution(* com.example.demo.service.*.*(..))) matches all methods in the com.example.demo.service package.
This tutorial provides a basic introduction to Spring AOP. You can explore more advanced concepts, such as custom annotations, around advice, pointcut expressions, and integrating AOP with other Spring features.



AOP Interview Questions
==========================================================
What is AOP, and why is it used in Spring?

AOP is a programming paradigm that allows modularization of cross-cutting concerns. In Spring, AOP is used to separate concerns like logging, transaction management, and security from the core business logic.
What are the key concepts in AOP?

Key concepts include:
Aspect: A module containing cross-cutting concerns.
Join Point: A point during the execution of a program, such as a method execution.
Advice: The action taken by an aspect at a particular join point.
Pointcut: A set of join points where advice should be executed.
Weaving: The process of integrating aspects with the core business logic.
Explain the terms "cross-cutting concerns" and "aspect" in the context of AOP.

Cross-cutting concerns are aspects of a program that affect multiple modules. An aspect is a module that encapsulates a cross-cutting concern, such as logging or security.
What is the purpose of an "advice" in AOP?

Advice defines the action taken by an aspect at a particular join point. It represents the code that gets executed before, after, or around a join point.
What is a "pointcut" in AOP?

A pointcut is a set of join points where advice should be executed. It defines the conditions under which the advice methods should run.
Explain the types of advice in AOP.

Types of advice include:
Before advice: Executed before the target method.
After returning advice: Executed after the target method successfully completes.
After throwing advice: Executed if the target method throws an exception.
After advice: Executed regardless of the outcome (success or exception) of the target method.
Around advice: Wraps the target method, allowing custom behavior before and after its invocation.
What is "weaving" in the context of AOP?

Weaving is the process of integrating aspects with the core business logic. It can be done at compile time, load time, or runtime.
Explain the difference between compile-time, load-time, and runtime weaving.

Compile-time weaving: Aspects are woven into the bytecode during the compilation process.
Load-time weaving: Aspects are woven into the bytecode as the class is loaded into the JVM.
Runtime weaving: Aspects are woven into the bytecode at runtime using a dedicated weaving agent.
How is AOP implemented in Spring?

Spring uses proxy-based AOP and aspectj-based AOP. Proxy-based AOP involves creating proxy objects around the target objects, intercepting method invocations to apply advice. AspectJ-based AOP uses the AspectJ language and allows more advanced weaving options.
Explain the difference between Spring AOP and AspectJ.

Spring AOP is proxy-based and is limited to method interception. AspectJ is a more comprehensive AOP framework that supports field interception, constructor interception, and more. AspectJ requires a separate compiler or runtime weaver.
What are pointcut expressions, and how are they used in Spring AOP?

Pointcut expressions define the criteria for selecting join points. They are used to specify where advice should be applied. In Spring AOP, pointcut expressions are written using AspectJ's syntax.
How do you enable AOP in a Spring Boot application?

AOP is automatically enabled in a Spring Boot application. You can use the @Aspect annotation on an aspect class, and Spring Boot will detect and apply it.
Can you give an example of a real-world scenario where AOP would be beneficial?

Real-world scenarios might include logging method execution, measuring performance, handling transactions, and applying security checks consistently across multiple methods.
Explain the term "AspectJ annotations" in the context of Spring AOP.

AspectJ annotations are annotations provided by the AspectJ framework and used by Spring AOP for more fine-grained control over aspects. Examples include @Before, @After, and @Around.
What is the role of the @EnableAspectJAutoProxy annotation in a Spring Boot application?

The @EnableAspectJAutoProxy annotation enables support for AspectJ annotations and allows Spring to automatically detect and apply aspects in the application.
These questions cover various aspects of Spring AOP, from fundamental concepts to more advanced topics. Understanding how AOP works and its practical applications is essential for building modular and maintainable Spring applications.



====================================================================================================


Spring Boot Auto-Configuration Mechanism:

Solution:
Spring Boot's auto-configuration mechanism works by scanning the classpath for certain conditions and automatically configuring beans based on the found conditions.
Developers can customize auto-configuration using the @ConditionalOn... annotations, and they can exclude certain auto-configurations or provide their own using the @EnableAutoConfiguration and exclude attributes.
Differences between @SpringBootApplication and @EnableAutoConfiguration:

Explanation:
@SpringBootApplication is a meta-annotation that combines @Configuration, @EnableAutoConfiguration, and @ComponentScan.
@EnableAutoConfiguration is responsible for enabling Spring Boot's auto-configuration mechanism. When used alone, it doesn't include the other annotations in @SpringBootApplication.
Microservices with Spring Boot:

Solution:
Spring Boot simplifies microservices development by providing features like Spring Cloud for distributed systems, Spring Boot Actuator for monitoring, and Spring Boot Data REST for building RESTful APIs.
Challenges include managing service discovery, handling inter-service communication, ensuring data consistency, and implementing distributed tracing.
Reactive Programming with WebFlux:

Explanation:
Reactive programming is a paradigm for handling asynchronous and non-blocking streams of data. WebFlux is Spring's reactive programming framework.
An example of a reactive application could be a real-time chat application using WebSocket communication.
Spring Boot Actuator Customization:

Solution:
Spring Boot Actuator provides default endpoints for monitoring. These endpoints can be customized using properties in the application.properties or application.yml file.
For example, to customize the health endpoint, you can use management.endpoint.health.show-details=always.
Spring Boot Data REST:

Explanation:
Spring Boot Data REST allows exposing JPA repositories as RESTful APIs without writing controller code.
It simplifies the development of RESTful APIs by handling CRUD operations, pagination, sorting, and more.
Spring Boot Startup Process:

Explanation:
Spring Boot initializes by scanning for annotated classes, creating beans, and configuring them. Auto-configuration classes are applied based on the classpath.
The application context initialization phase involves bean instantiation, dependency injection, and lifecycle callbacks.
Spring Cloud for Distributed Systems:

Solution:
Spring Cloud provides tools for building distributed systems, including service discovery with Eureka, client-side load balancing with Ribbon, and circuit breakers with Hystrix.
Common patterns include the Circuit Breaker pattern, Service Discovery pattern, and Configuration Server pattern.
Spring Boot Security for Web Applications and REST APIs:

Solution:
For web applications, Spring Boot Security can be configured using annotations like @EnableWebSecurity and @Secured.
For securing REST APIs, use token-based authentication (e.g., JWT) with @PreAuthorize or @Secured annotations.
Microservices Orchestration with Spring Cloud Netflix:

Solution:
Microservices orchestration involves coordinating interactions between microservices. Spring Cloud Netflix provides components like Eureka for service discovery and Ribbon for client-side load balancing.
Service discovery allows microservices to find and communicate with each other dynamically.
Distributed Transactions in Microservices:

Solution:
Distributed transactions are challenging in microservices due to the lack of a global transaction coordinator. Strategies include the Saga pattern (compensating transactions) and two-phase commit alternatives.
Spring Boot supports distributed transactions using JTA or using the Saga pattern with tools like Axon Framework.
@ConditionalOnProperty Annotation in Spring Boot:

Solution:
@ConditionalOnProperty is used to conditionally enable or disable a bean based on the presence or value of a property.
Example: @ConditionalOnProperty(name = "myfeature.enabled", havingValue = "true") ensures the bean is created only if the property myfeature.enabled is set to true.
These solutions provide concise explanations. In practice, candidates should be able to elaborate on these answers and provide code examples during an interview.

=======================================================================================================================================================================================

Spring boot interview Questions

Core Spring (Dependency Injection and IoC Container):
What is Inversion of Control (IoC)?
Explain the difference between Dependency Injection and Inversion of Control.
What is the Spring IoC container?
Describe the types of Dependency Injection supported by Spring.
Explain the bean life cycle in Spring.
Differentiate between singleton and prototype scopes in Spring.
How can you inject values into Spring beans?
What is the purpose of the @Autowired annotation?
Explain the role of the @ComponentScan annotation.
What is the purpose of the @Qualifier annotation?
Describe the purpose of the @Value annotation.
Explain the differences between constructor injection and setter injection.
What is the purpose of the @PostConstruct and @PreDestroy annotations?
How does Spring support the Factory design pattern?
Explain the concept of the Spring BeanPostProcessor.
Spring AOP (Aspect-Oriented Programming):
What is Aspect-Oriented Programming (AOP)?
Explain the terms "aspect," "join point," and "advice" in AOP.
What are pointcuts in AOP, and how are they defined?
Differentiate between "before," "after returning," and "around" advice.
Explain the concept of weaving in AOP.
What is the difference between Spring AOP and AspectJ?
How do you enable AOP in a Spring application?
Explain the use of the @Aspect annotation in Spring.
What is the purpose of the @Pointcut annotation?
Describe the types of pointcuts in Spring AOP.
Explain the term "aspect ratio" in AOP.
How does Spring AOP handle checked and unchecked exceptions?
What is the purpose of the ProceedingJoinPoint interface?
How can you achieve method-level security using AOP in Spring?
Spring MVC (Model-View-Controller):
What is the Spring MVC framework?
Explain the roles of the Model, View, and Controller in Spring MVC.
How does DispatcherServlet work in Spring MVC?
Differentiate between @Controller and @RestController.
What is the purpose of the @RequestMapping annotation?
Explain the use of @PathVariable in Spring MVC.
How does Spring MVC handle form submissions?
What is the purpose of the @ModelAttribute annotation?
Explain the differences between @RequestParam and @PathVariable.
How can you handle exceptions in Spring MVC?
Describe the role of the ModelAndView class.
What is the purpose of the @ResponseBody annotation?
Explain the use of the @ResponseStatus annotation.
How can you enable the use of Java 8 Date and Time API in Spring MVC?
What is the purpose of the RedirectAttributes class?
How does Spring support file uploads in a web application?
Spring Boot:
What is Spring Boot, and how does it simplify the development of Spring applications?
Explain the purpose of the @SpringBootApplication annotation.
How does Spring Boot handle configuration?
Describe the concept of Spring Boot starters.
What is Spring Boot Auto-Configuration, and how can you customize it?
Explain the purpose of the application.properties (or application.yml) file in Spring Boot.
What is the purpose of the SpringApplication class in Spring Boot?
How can you create a custom banner in a Spring Boot application?
Describe the role of the @RestController annotation in Spring Boot.
How does Spring Boot support externalized configuration?
What is the Actuator module in Spring Boot, and what endpoints does it provide?
Explain the differences between Spring Boot and Spring Cloud.
How can you profile a Spring Boot application, and what are the available profiles?
Describe the purpose of the @SpringBootTest annotation.
How does Spring Boot support testing?
Spring Data:
What is Spring Data, and how does it simplify data access in Spring applications?
Explain the role of Spring Data repositories.
Describe the differences between JpaRepository and CrudRepository.
How can you define custom query methods in Spring Data repositories?
What is the purpose of the @Query annotation in Spring Data JPA?
Explain the concept of Query by Example (QBE) in Spring Data.
How does Spring Data JPA handle transactions?
What is the purpose of the @Transactional annotation?
How can you perform pagination in Spring Data repositories?
Explain the differences between Hibernate and Spring Data JPA.
What is Spring Data REST, and how does it simplify the development of RESTful APIs?
Spring Security:
What is Spring Security, and why is it important?
Explain the basic architecture of Spring Security.
How can you configure authentication in a Spring Security application?
Describe the purpose of the UserDetails interface.
What is the purpose of the @Secured annotation in

===============================================================================================================================================================================
===============================================================================================================================================================================

3. Kafka


What is Kafka, and how does it differ from traditional message queues?

Kafka is a distributed streaming platform designed for high-throughput, fault-tolerant, and scalable data streaming. Unlike traditional message queues, Kafka provides durability, fault tolerance, and the ability to handle large volumes of real-time data.
Explain the role of Kafka in a real-time data processing pipeline.

Kafka acts as a distributed and fault-tolerant message broker that facilitates the real-time flow of data between producers and consumers in a processing pipeline.
What are the key components of Kafka's architecture?

Key components include Producers, Consumers, Brokers (servers), and Zookeeper (for cluster coordination and metadata management).
How does Kafka ensure fault tolerance and reliability in distributed systems?

Kafka achieves fault tolerance through data replication across multiple broker nodes and persists data to disk. Zookeeper is used for leader election and coordination.
Explain the concept of partitions in Kafka and why they are important.

Partitions are a way to parallelize processing and provide scalability. Each partition can be consumed by a single consumer, allowing for parallelism.
Describe use cases where Kafka is particularly well-suited.

Kafka is well-suited for log aggregation, event sourcing, real-time analytics, and building scalable, fault-tolerant data pipelines.
How does Kafka handle message ordering within a partition?

Kafka guarantees strict ordering of messages within a partition, ensuring that messages are processed in the order they are produced.
Explain the role of Zookeeper in Kafka's architecture.

Zookeeper is used for distributed coordination and management tasks in a Kafka cluster, such as leader election, topic configuration, and maintaining metadata.
What is a Kafka consumer group, and why is it important for parallel processing?

A consumer group is a set of consumers that jointly consume a topic. Kafka ensures parallel processing by assigning different partitions to different consumers within a group.
How can you ensure exactly-once semantics in Kafka?

Exactly-once semantics can be achieved using idempotent producers, transactional producers, and configuring consumers appropriately.
Discuss the challenges of scaling Kafka in a distributed environment.

Challenges include maintaining data consistency, effective partitioning, and managing network latency when scaling across multiple nodes.
Can you explain the Kafka Connect framework and its role in real-time data integration?

Kafka Connect is a framework for integrating Kafka with external systems. It simplifies the development of connectors for various data sources and sinks, enabling easy data integration.
How does Kafka handle schema evolution in a streaming data platform?

Kafka supports schema evolution by allowing changes to the schema over time. Compatibility checks ensure smooth transitions when evolving schemas.
Explain the concept of log compaction in Kafka.

Log compaction is a feature that retains only the latest update for each key in a Kafka topic, ensuring that the log does not grow indefinitely.
Discuss security considerations in a Kafka cluster.

Security features include authentication (SSL, SASL), authorization (ACLs), encryption, and securing Zookeeper for cluster coordination

=============================================================================================================

When a Kafka producer produces a large volume of data into Kafka topics, it's important for the Kafka consumers to be able to handle this data efficiently. Here are several strategies and considerations:

Consumer Parallelism:

Increase the number of consumer instances to achieve parallel processing. Each consumer instance can handle a subset of the partitions, allowing for better scalability.
Partitioning:

Ensure that the Kafka topic has an appropriate number of partitions. Each partition can be consumed independently, enabling parallelism across multiple consumers.
Consumer Groups:

Use consumer groups to scale horizontally. Consumer groups allow multiple consumer instances to work together to process data from a topic, providing additional parallelism.
Consumer Lag Monitoring:

Monitor consumer lag to ensure that consumers are keeping up with the producer. Lag represents the time difference between the latest produced message and the message that the consumer has processed.
Optimize Consumer Configuration:

Tune consumer configurations based on the characteristics of the workload, such as adjusting batch sizes, buffer sizes, and the number of concurrent requests.
Message Compression:

If network bandwidth is a bottleneck, consider enabling message compression. Kafka supports message compression, which can significantly reduce the amount of data transmitted over the network.
Offset Management:

Keep track of offsets properly to ensure that each consumer knows which messages it has already processed. This is crucial for handling failures and restarting consumers without reprocessing the entire dataset.
Consumer Retention Policies:

Adjust the retention policies for consumer offsets to avoid unnecessary data retention. Old consumer offsets may be pruned based on the retention settings.
Consumer Backpressure:

Implement mechanisms for consumer backpressure to prevent overwhelming consumers with data. This can involve adjusting the rate of consumption based on the consumer's processing capacity.
Scaling Consumer Instances Dynamically:

Implement auto-scaling mechanisms for consumers based on metrics like lag, processing time, or resource utilization. This ensures that additional consumers are added or removed dynamically based on the workload.
Batch Processing:

Consider processing data in batches rather than individual messages. This can improve processing efficiency, especially for certain types of workloads.
Optimized Deserialization:

Optimize the deserialization process to reduce the time and resources required for converting serialized messages into usable data structures.
By implementing these strategies, Kafka consumers can effectively handle large volumes of data produced by the Kafka producer. It's essential to continuously monitor the system's performance and make adjustments as needed to ensure optimal processing and resource utilization.


========================================================================================================================================================================================================================

what are the production issues in kafka 

Kafka is a robust and scalable distributed streaming platform, but like any complex system, it can encounter various production issues. Here are some common production issues in Kafka:

Broker Failure:

If a Kafka broker goes down, it can impact the availability of certain partitions. Replication helps mitigate this issue, but detecting and recovering from broker failures is crucial.
Zookeeper Issues:

Kafka relies on Zookeeper for cluster coordination. Issues with Zookeeper can lead to instability in the Kafka cluster. Common problems include Zookeeper ensemble failures or performance bottlenecks.
Data Loss:

While Kafka is designed for durability, misconfigurations, hardware failures, or other issues can potentially lead to data loss if not handled correctly.
High Consumer Lag:

Consumers may fall behind in processing messages, leading to high consumer lag. This can be due to slow consumers, network bottlenecks, or insufficient processing capacity.
Partition Imbalance:

Uneven distribution of partitions across brokers can lead to imbalances in load and performance. This can occur due to dynamic scaling, broker failures, or misconfigurations.
Replication Lag:

Replication lag can occur when replicas of a partition fall behind the leader. This might be due to slow network, overloaded brokers, or insufficient replication factor.
Under-Replicated Partitions:

If the replication factor is not met or if there are issues with replication, some partitions may become under-replicated, reducing fault tolerance.
Producer Bottlenecks:

If producers are not optimized or if there are network bottlenecks, it can lead to a decrease in the overall throughput of the Kafka cluster.
Resource Saturation:

Brokers or consumers might experience resource saturation, including high CPU usage, memory exhaustion, or disk I/O issues. This can impact the overall performance of the system.
Inefficient Topic Configurations:

Poorly configured topics, such as setting an inappropriate number of partitions or retention periods, can lead to suboptimal performance.
Schema Compatibility Issues:

Changes in data schemas without proper consideration for backward or forward compatibility can result in issues during data consumption or production.
Security Concerns:

Inadequate security measures, such as weak authentication or authorization policies, can expose the Kafka cluster to unauthorized access or data breaches.
Slow Consumer Recovery:

Consumers experiencing issues, such as crashes or slowdowns, may take time to recover and catch up with the latest messages. Implementing proper consumer recovery mechanisms is crucial.
Inadequate Monitoring and Alerting:

Lack of comprehensive monitoring and alerting systems can lead to delayed detection and resolution of issues. Timely alerts are crucial for proactive maintenance.
To address and mitigate these issues, it's essential to implement best practices, regularly monitor the Kafka cluster, and have robust operational procedures in place. Kafka provides tools like Kafka Manager, Confluent Control Center, and various command-line tools for monitoring and management. Additionally, organizations often use external monitoring systems to keep track of Kafka's health and performance.

===================================================================================================

describe a production issues in kafka and how can it be resolved??

Let's consider a common production issue in Kafka: High Consumer Lag.

Issue: High Consumer Lag
Symptoms:

Consumers are falling significantly behind in processing messages compared to the rate of message production.
Monitoring tools indicate a noticeable increase in consumer lag.
Potential Causes:

Slow consumer processing due to resource constraints or inefficient code.
Network bottlenecks between brokers and consumers.
High message volume overwhelming consumer capacity.
Inadequate parallelism, leading to inefficient utilization of consumers.
Insufficient hardware resources for consumers.
Resolution Steps:

Consumer Monitoring:

Use monitoring tools to identify which consumer groups or partitions are experiencing high lag.
Monitor consumer metrics such as processing rate, lag rate, and resource utilization.
Scale Consumer Instances:

If the consumer lag is due to insufficient processing capacity, consider scaling out the number of consumer instances to handle the message load more effectively.
Utilize consumer groups to enable parallel processing across multiple instances.
Optimize Consumer Code:

Review and optimize the consumer code for efficiency. Identify and address any performance bottlenecks in message processing logic.
Consider batching messages for more efficient processing.
Network Analysis:

Investigate network performance between Kafka brokers and consumers. Identify and resolve any network bottlenecks.
Ensure that the network infrastructure can handle the volume of data being transferred.
Consumer Configuration Tuning:

Adjust consumer configuration parameters such as fetch size, buffer size, and concurrency to optimize for the specific workload.
Experiment with different consumer configurations to find the most efficient settings.
Resource Scaling:

If the consumer lag is due to resource constraints (CPU, memory, disk I/O), consider scaling up the resources allocated to the consumer instances.
Ensure that the hardware specifications match the requirements of the workload.
Rebalance Partitions:

If the Kafka cluster is experiencing partition imbalance, perform a partition rebalance to distribute partitions more evenly across brokers and consumers.
Review Topic Configuration:

Ensure that the number of partitions in the relevant topics is sufficient for parallel processing.
Adjust retention policies and other topic configurations based on the characteristics of the workload.
Implement Backpressure:

Implement backpressure mechanisms in consumers to regulate the rate of message consumption based on the consumer's processing capacity.
This helps prevent overwhelming the consumer with a high message volume.
Upgrade Kafka Version:

Consider upgrading to a more recent and stable version of Kafka. Newer versions may include optimizations and bug fixes that can improve overall performance.
Review Logging and Error Handling:

Ensure that logging and error handling in the consumer code are appropriate. Excessive logging or error retries can impact processing efficiency.
Consider Kafka Streams or Other Processing Frameworks:

Depending on the use case, evaluate if Kafka Streams or other stream processing frameworks are better suited for the workload. They might offer additional capabilities for stateful processing.
Addressing high consumer lag in Kafka involves a combination of optimizing consumer code, adjusting configurations, and ensuring that the overall Kafka cluster is well-tuned for the specific workload. Regular monitoring and proactive maintenance are crucial to preventing and quickly resolving such issues in a production environment.

===================================================================================================================================================================================================================
Advanced Kafka Interview Questions:
Explain Kafka's architecture and its main components.

Answer: Kafka's architecture consists of several key components: Producers, Consumers, Topics, Partitions, Brokers, and Zookeeper (or Kafka's own KRaft for newer versions). Producers send records to topics, which are divided into partitions to allow parallel processing. Consumers read records from topics, brokers manage storage and retrieval, and Zookeeper/KRaft handles metadata and coordination.
How does Kafka achieve high throughput and low latency?

Answer: Kafka achieves high throughput and low latency through efficient disk I/O operations, batching of messages, compression, and zero-copy technology. It uses a log-structured storage mechanism and sequential writes to disk to minimize seek time and maximize throughput. Additionally, Kafka leverages memory-mapped files for fast access to data.
What are Kafka partitions, and why are they important?

Answer: Partitions are a way to split a Kafka topic into multiple segments. Each partition is an ordered, immutable sequence of records. Partitions allow Kafka to scale horizontally by distributing data across multiple brokers. This enables parallel processing and load balancing, improving both throughput and fault tolerance.
How does Kafka ensure data durability and reliability?

Answer: Kafka ensures data durability and reliability through replication. Each partition is replicated across multiple brokers, forming a replication factor. The leader of a partition handles read and write operations, while followers replicate the data. If the leader fails, one of the followers takes over, ensuring no data loss. Kafka also uses acknowledgment and ISR (in-sync replica) mechanisms to confirm data writes.
Explain the concept of a Kafka Consumer Group.

Answer: A Kafka Consumer Group is a group of consumers that work together to consume messages from a topic. Each consumer in the group is assigned a subset of the partitions, ensuring that each message is processed by only one consumer in the group. This allows for horizontal scaling and parallel processing of messages.
What is exactly-once semantics (EOS) in Kafka, and how is it implemented?

Answer: Exactly-once semantics (EOS) ensures that messages are neither lost nor processed more than once, even in the face of failures. Kafka implements EOS using a combination of idempotent producers, transactional APIs, and Kafka's internal transaction log. Producers can safely retry sending messages without causing duplicates, and consumers can commit their offsets as part of a transaction, ensuring atomic processing.
Describe the role of Zookeeper in Kafka.

Answer: Zookeeper is used in Kafka to manage metadata, configuration, and distributed coordination. It tracks the status of brokers, topics, and partitions, helps in leader election, and ensures synchronization across the cluster. Zookeeper also handles access control and configuration changes. Kafka's newer KRaft mode aims to replace Zookeeper for managing metadata natively within Kafka itself.
How do you handle Kafka security and encryption?

Answer: Kafka security can be managed through encryption (TLS/SSL for encrypting data in transit), authentication (using SASL mechanisms like Kerberos, OAuth, or plain), and authorization (ACLs to control access to topics, consumer groups, and broker resources). Configuring these security features ensures that data is protected, and only authorized clients can produce or consume messages.
What are Kafka Streams and how do they differ from Kafka Connect?

Answer: Kafka Streams is a client library for building real-time, stream processing applications on top of Kafka. It allows for complex event processing, stateful computations, and transformations directly within the application. Kafka Connect, on the other hand, is a tool for integrating Kafka with other systems using connectors. It simplifies the process of importing and exporting data between Kafka and various data sources and sinks.
How do you monitor and manage a Kafka cluster?

Answer: Monitoring and managing a Kafka cluster involves tracking key metrics such as broker health, topic and partition status, producer and consumer lag, throughput, and latency. Tools like Kafka Manager, Confluent Control Center, Prometheus, Grafana, and Elasticsearch/Kibana can be used to visualize these metrics. Additionally, setting up alerts for critical issues and performing regular maintenance tasks like rebalancing partitions, tuning configurations, and ensuring disk space availability are essential for effective cluster management.
Explain the impact of topic partitioning on Kafka's performance and scalability.

Answer: Topic partitioning significantly impacts Kafka's performance and scalability. By splitting a topic into multiple partitions, Kafka can distribute load across multiple brokers, allowing for parallel processing and increasing throughput. However, improper partitioning can lead to imbalances where some partitions are overloaded while others are underutilized. It's important to choose an appropriate number of partitions and to use partitioning strategies that distribute the load evenly.
How would you handle a situation where a Kafka broker fails?

Answer: When a Kafka broker fails, the partitions it hosted need to be reassigned to other brokers. Kafka's replication mechanism ensures data is not lost as long as there are enough replicas. The failover process involves electing a new leader for each affected partition from the in-sync replicas (ISR). Tools like kafka-reassign-partitions.sh can be used to manually rebalance the cluster if needed. Monitoring and alerting systems should detect broker failures promptly to initiate automated recovery processes.
What are Kafka Connectors, and how do you create a custom connector?

Answer: Kafka Connectors are plugins used in Kafka Connect to import and export data between Kafka and other systems. Connectors are available for many databases, file systems, and other services. To create a custom connector, you need to implement the SourceConnector or SinkConnector interface and define the necessary configuration and task logic. Custom connectors are typically packaged as JAR files and deployed to the Kafka Connect cluster.
Discuss how Kafka handles message ordering and the implications of partitioning on ordering.

Answer: Kafka guarantees message ordering within a single partition. When messages are sent to the same partition, they are appended sequentially and consumers read them in the same order. However, partitioning can affect global ordering across a topic. To maintain order, a single partition must be used, but this limits throughput and parallelism. Using a key-based partitioning strategy can help maintain order for specific keys while still benefiting from parallelism.
How would you perform a rolling upgrade of a Kafka cluster?

Answer: Performing a rolling upgrade involves upgrading one broker at a time to minimize downtime and maintain cluster availability. The process typically includes the following steps:
Backup existing configurations and data.
Upgrade the broker software on a single broker.
Restart the broker and wait for it to rejoin the cluster and become fully operational.
Repeat the process for each broker in the cluster.
Monitor the cluster throughout the upgrade to ensure stability.
These questions delve into advanced concepts and scenarios, providing a comprehensive evaluation of a candidate's deep knowledge and practical experience with Kafka.

=================================================================================================================================================================================================================================================================
======================================================================================================================================================================================================================================

Microservices:

	Interview:
		https://www.udemy.com/course/microservices-interview-questions/
		https://www.udemy.com/course/microservices-interview-questions-passsing-guarranteed/


========================================================================================================================================================================================================================
========================================================================================================================================================================================================================



================================================================================================================================================================================================================================
Multithreading interview Questions

Coding
==========================================================================

1. Implement a Thread-Safe Singleton Pattern
Question:
Write a thread-safe implementation of the Singleton pattern in Java.

Solution:

java
Copy code
public class Singleton {
    private static volatile Singleton instance;

    private Singleton() {
        // Private constructor to prevent instantiation
    }

    public static Singleton getInstance() {
        if (instance == null) {
            synchronized (Singleton.class) {
                if (instance == null) {
                    instance = new Singleton();
                }
            }
        }
        return instance;
    }
}
This implementation uses double-checked locking to ensure that the instance is created only once and is thread-safe.

2. Implement a Blocking Queue
Question:
Implement a thread-safe blocking queue with methods enqueue and dequeue in Java.

Solution:

java
Copy code
import java.util.LinkedList;
import java.util.Queue;

public class BlockingQueue<T> {
    private final Queue<T> queue = new LinkedList<>();
    private final int capacity;

    public BlockingQueue(int capacity) {
        this.capacity = capacity;
    }

    public synchronized void enqueue(T item) throws InterruptedException {
        while (queue.size() == capacity) {
            wait();
        }
        queue.add(item);
        notifyAll();
    }

    public synchronized T dequeue() throws InterruptedException {
        while (queue.isEmpty()) {
            wait();
        }
        T item = queue.poll();
        notifyAll();
        return item;
    }
}
This implementation uses synchronized, wait(), and notifyAll() to manage thread-safe operations on the queue.

3. Implement the Producer-Consumer Problem
Question:
Implement the producer-consumer problem using a blocking queue.

Solution:

java
Copy code
import java.util.concurrent.ArrayBlockingQueue;
import java.util.concurrent.BlockingQueue;

class Producer implements Runnable {
    private final BlockingQueue<Integer> queue;

    public Producer(BlockingQueue<Integer> queue) {
        this.queue = queue;
    }

    @Override
    public void run() {
        try {
            for (int i = 0; i < 10; i++) {
                queue.put(i);
                System.out.println("Produced: " + i);
                Thread.sleep(100);
            }
        } catch (InterruptedException e) {
            Thread.currentThread().interrupt();
        }
    }
}

class Consumer implements Runnable {
    private final BlockingQueue<Integer> queue;

    public Consumer(BlockingQueue<Integer> queue) {
        this.queue = queue;
    }

    @Override
    public void run() {
        try {
            while (true) {
                Integer item = queue.take();
                System.out.println("Consumed: " + item);
                if (item == 9) break;
            }
        } catch (InterruptedException e) {
            Thread.currentThread().interrupt();
        }
    }
}

public class ProducerConsumerDemo {
    public static void main(String[] args) {
        BlockingQueue<Integer> queue = new ArrayBlockingQueue<>(5);

        Thread producerThread = new Thread(new Producer(queue));
        Thread consumerThread = new Thread(new Consumer(queue));

        producerThread.start();
        consumerThread.start();
    }
}
This implementation uses the ArrayBlockingQueue class from the java.util.concurrent package to handle synchronization.

4. Implement a Thread-Safe Counter
Question:
Implement a thread-safe counter that can be incremented by multiple threads.

Solution:

java
Copy code
import java.util.concurrent.atomic.AtomicInteger;

public class Counter {
    private final AtomicInteger count = new AtomicInteger(0);

    public void increment() {
        count.incrementAndGet();
    }

    public int getCount() {
        return count.get();
    }

    public static void main(String[] args) throws InterruptedException {
        Counter counter = new Counter();

        Runnable task = () -> {
            for (int i = 0; i < 1000; i++) {
                counter.increment();
            }
        };

        Thread t1 = new Thread(task);
        Thread t2 = new Thread(task);

        t1.start();
        t2.start();

        t1.join();
        t2.join();

        System.out.println("Final count: " + counter.getCount());
    }
}
This implementation uses AtomicInteger to ensure that increments are atomic and thread-safe.

5. Implement a Deadlock-Free Solution for Dining Philosophers
Question:
Implement a deadlock-free solution for the Dining Philosophers problem.

Solution:

java
Copy code
import java.util.concurrent.locks.Lock;
import java.util.concurrent.locks.ReentrantLock;

class Philosopher implements Runnable {
    private final Lock leftChopstick;
    private final Lock rightChopstick;

    public Philosopher(Lock leftChopstick, Lock rightChopstick) {
        this.leftChopstick = leftChopstick;
        this.rightChopstick = rightChopstick;
    }

    private void doAction(String action) throws InterruptedException {
        System.out.println(Thread.currentThread().getName() + " " + action);
        Thread.sleep((int)(Math.random() * 100));
    }

    @Override
    public void run() {
        try {
            while (true) {
                doAction(": Thinking");
                if (leftChopstick.tryLock()) {
                    try {
                        if (rightChopstick.tryLock()) {
                            try {
                                doAction(": Eating");
                            } finally {
                                rightChopstick.unlock();
                            }
                        }
                    } finally {
                        leftChopstick.unlock();
                    }
                }
            }
        } catch (InterruptedException e) {
            Thread.currentThread().interrupt();
        }
    }
}

public class DiningPhilosophers {
    public static void main(String[] args) {
        Lock[] chopsticks = new ReentrantLock[5];
        for (int i = 0; i < chopsticks.length; i++) {
            chopsticks[i] = new ReentrantLock();
        }

        Philosopher[] philosophers = new Philosopher[5];
        Thread[] threads = new Thread[5];

        for (int i = 0; i < philosophers.length; i++) {
            Lock leftChopstick = chopsticks[i];
            Lock rightChopstick = chopsticks[(i + 1) % chopsticks.length];

            // Ensure a consistent order of acquiring locks to prevent deadlock
            if (i % 2 == 0) {
                philosophers[i] = new Philosopher(leftChopstick, rightChopstick);
            } else {
                philosophers[i] = new Philosopher(rightChopstick, leftChopstick);
            }

            threads[i] = new Thread(philosophers[i], "Philosopher " + (i + 1));
            threads[i].start();
        }
    }
}
This implementation uses ReentrantLock and tries to acquire locks in a consistent order to prevent deadlocks.

These questions and solutions should provide a solid foundation for understanding multithreading concepts and demonstrate the ability to write thread-safe code.

1. Print Even and Odd Numbers Using Two Threads
Question:
Write a program where one thread prints even numbers and another thread prints odd numbers in sequence.

Solution:

java
Copy code
class EvenOddPrinter {
    private final int limit;
    private int count = 1;

    public EvenOddPrinter(int limit) {
        this.limit = limit;
    }

    public void printEven() {
        synchronized (this) {
            while (count < limit) {
                while (count % 2 == 1) {
                    try {
                        wait();
                    } catch (InterruptedException e) {
                        Thread.currentThread().interrupt();
                    }
                }
                System.out.println("Even: " + count++);
                notify();
            }
        }
    }

    public void printOdd() {
        synchronized (this) {
            while (count < limit) {
                while (count % 2 == 0) {
                    try {
                        wait();
                    } catch (InterruptedException e) {
                        Thread.currentThread().interrupt();
                    }
                }
                System.out.println("Odd: " + count++);
                notify();
            }
        }
    }

    public static void main(String[] args) {
        EvenOddPrinter printer = new EvenOddPrinter(10);

        Thread t1 = new Thread(printer::printEven);
        Thread t2 = new Thread(printer::printOdd);

        t1.start();
        t2.start();
    }
}
This solution uses synchronized blocks and the wait/notify mechanism to ensure that even and odd numbers are printed in sequence.

2. Implement a Thread-Safe Bounded Buffer
Question:
Implement a thread-safe bounded buffer using a circular array.

Solution:

java
Copy code
class BoundedBuffer<T> {
    private final T[] buffer;
    private int head = 0;
    private int tail = 0;
    private int count = 0;

    @SuppressWarnings("unchecked")
    public BoundedBuffer(int capacity) {
        buffer = (T[]) new Object[capacity];
    }

    public synchronized void put(T item) throws InterruptedException {
        while (count == buffer.length) {
            wait();
        }
        buffer[tail] = item;
        tail = (tail + 1) % buffer.length;
        count++;
        notifyAll();
    }

    public synchronized T take() throws InterruptedException {
        while (count == 0) {
            wait();
        }
        T item = buffer[head];
        head = (head + 1) % buffer.length;
        count--;
        notifyAll();
        return item;
    }
}

public class BoundedBufferDemo {
    public static void main(String[] args) {
        BoundedBuffer<Integer> buffer = new BoundedBuffer<>(5);

        Runnable producer = () -> {
            try {
                for (int i = 0; i < 10; i++) {
                    buffer.put(i);
                    System.out.println("Produced: " + i);
                }
            } catch (InterruptedException e) {
                Thread.currentThread().interrupt();
            }
        };

        Runnable consumer = () -> {
            try {
                for (int i = 0; i < 10; i++) {
                    int item = buffer.take();
                    System.out.println("Consumed: " + item);
                }
            } catch (InterruptedException e) {
                Thread.currentThread().interrupt();
            }
        };

        new Thread(producer).start();
        new Thread(consumer).start();
    }
}
This implementation uses a circular array with synchronized methods to ensure thread-safe operations.

3. Implement a Reentrant Lock
Question:
Implement a simple reentrant lock.

Solution:

java
Copy code
class ReentrantLock {
    private boolean isLocked = false;
    private Thread lockingThread = null;
    private int lockCount = 0;

    public synchronized void lock() throws InterruptedException {
        while (isLocked && Thread.currentThread() != lockingThread) {
            wait();
        }
        isLocked = true;
        lockCount++;
        lockingThread = Thread.currentThread();
    }

    public synchronized void unlock() {
        if (Thread.currentThread() == lockingThread) {
            lockCount--;
            if (lockCount == 0) {
                isLocked = false;
                lockingThread = null;
                notifyAll();
            }
        }
    }
}

public class ReentrantLockDemo {
    private final ReentrantLock lock = new ReentrantLock();

    public void performTask() throws InterruptedException {
        lock.lock();
        try {
            // critical section
            System.out.println(Thread.currentThread().getName() + " is performing a task");
            Thread.sleep(100);
        } finally {
            lock.unlock();
        }
    }

    public static void main(String[] args) {
        ReentrantLockDemo demo = new ReentrantLockDemo();

        Runnable task = () -> {
            try {
                for (int i = 0; i < 5; i++) {
                    demo.performTask();
                }
            } catch (InterruptedException e) {
                Thread.currentThread().interrupt();
            }
        };

        Thread t1 = new Thread(task);
        Thread t2 = new Thread(task);

        t1.start();
        t2.start();
    }
}
This implementation provides a reentrant lock that allows the same thread to acquire the lock multiple times.

4. Implement a Barrier
Question:
Implement a reusable barrier that blocks a set of threads until they all reach a common barrier point.

Solution:

java
Copy code
class Barrier {
    private final int totalThreads;
    private int waitingThreads = 0;

    public Barrier(int totalThreads) {
        this.totalThreads = totalThreads;
    }

    public synchronized void await() throws InterruptedException {
        waitingThreads++;
        if (waitingThreads < totalThreads) {
            wait();
        } else {
            waitingThreads = 0;
            notifyAll();
        }
    }
}

public class BarrierDemo {
    public static void main(String[] args) {
        Barrier barrier = new Barrier(3);

        Runnable task = () -> {
            try {
                System.out.println(Thread.currentThread().getName() + " is waiting at the barrier");
                barrier.await();
                System.out.println(Thread.currentThread().getName() + " has crossed the barrier");
            } catch (InterruptedException e) {
                Thread.currentThread().interrupt();
            }
        };

        Thread t1 = new Thread(task);
        Thread t2 = new Thread(task);
        Thread t3 = new Thread(task);

        t1.start();
        t2.start();
        t3.start();
    }
}
This implementation uses synchronized blocks and the wait/notify mechanism to implement a barrier.

5. Implement a Simple Thread Pool
Question:
Implement a simple thread pool that executes submitted tasks.

Solution:

java
Copy code
import java.util.concurrent.BlockingQueue;
import java.util.concurrent.LinkedBlockingQueue;

class SimpleThreadPool {
    private final int poolSize;
    private final PoolWorker[] workers;
    private final BlockingQueue<Runnable> taskQueue;

    public SimpleThreadPool(int poolSize) {
        this.poolSize = poolSize;
        taskQueue = new LinkedBlockingQueue<>();
        workers = new PoolWorker[poolSize];

        for (int i = 0; i < poolSize; i++) {
            workers[i] = new PoolWorker();
            workers[i].start();
        }
    }

    public void submit(Runnable task) throws InterruptedException {
        taskQueue.put(task);
    }

    private class PoolWorker extends Thread {
        @Override
        public void run() {
            try {
                while (true) {
                    Runnable task = taskQueue.take();
                    task.run();
                }
            } catch (InterruptedException e) {
                Thread.currentThread().interrupt();
            }
        }
    }

    public static void main(String[] args) throws InterruptedException {
        SimpleThreadPool threadPool = new SimpleThreadPool(3);

        Runnable task = () -> {
            String name = Thread.currentThread().getName();
            System.out.println(name + " is executing task.");
            try {
                Thread.sleep(200);
            } catch (InterruptedException e) {
                Thread.currentThread().interrupt();
            }
            System.out.println(name + " has finished task.");
        };

        for (int i = 0; i < 10; i++) {
            threadPool.submit(task);
        }
    }
}
This implementation uses a blocking queue to manage tasks and a fixed number of worker threads to execute them.

These questions and solutions cover various intermediate-level multithreading concepts and demonstrate the ability to write thread-safe and concurrent code.


=============================================================Multithreading interview theoritical question===================================================================

Basic Questions
What is a thread?

A thread is the smallest unit of a process that can be scheduled and executed by the operating system.
What is multithreading?

Multithreading is the ability of a CPU or a single core in a multi-core processor to execute multiple threads concurrently.
What is the difference between a process and a thread?

A process is an independent program in execution, with its own memory space. A thread is a subset of the process, sharing the process's resources but capable of executing independently.
Intermediate Questions
How do you create a thread in [specific language]?

For example, in Java, you can create a thread by extending the Thread class or implementing the Runnable interface. In Python, you use the threading module.
What are the benefits of using multithreading?

Improved performance through parallelism, better resource utilization, responsiveness in applications, and simplified modeling of real-world problems.
What are some common problems associated with multithreading?

Race conditions, deadlocks, livelocks, thread starvation, and context switching overhead.
What is a race condition? How can it be avoided?

A race condition occurs when two or more threads attempt to change shared data simultaneously, leading to unpredictable results. It can be avoided by proper synchronization, such as using locks or synchronized blocks.
Advanced Questions
What is a deadlock? How can it be avoided?

A deadlock is a situation where two or more threads are blocked forever, each waiting on the other to release a resource. Deadlocks can be avoided by using techniques such as lock ordering, lock timeout, and deadlock detection algorithms.
Explain the concept of thread synchronization and how it is implemented in [specific language].

Thread synchronization ensures that only one thread accesses the shared resource at a time. This can be implemented using synchronized methods or blocks in Java, the synchronized keyword in Python, or mutexes in C/C++.
What is a thread pool? Why is it used?

A thread pool is a collection of pre-instantiated reusable threads. It is used to manage a pool of worker threads to perform tasks without the overhead of creating new threads repeatedly.
Describe different types of locks and their uses.

Mutex (mutual exclusion), Read/Write locks, Spin locks, etc. Mutexes provide exclusive access to a resource, Read/Write locks allow multiple readers but exclusive access for writers, and Spin locks are used where threads are expected to be blocked for a short time.
Scenario-Based Questions
How would you handle a situation where multiple threads need to access and modify a shared resource?

Use synchronization mechanisms like locks, semaphores, or atomic variables to ensure thread-safe operations on shared resources.
What strategies would you use to improve the performance of a multithreaded application?

Minimize synchronization, reduce context switching, use thread pooling, and balance the workload among threads.
Explain the producer-consumer problem and how you would solve it in [specific language].

The producer-consumer problem involves ensuring that a producer thread is not overwriting data that a consumer thread has not yet consumed. Solutions include using a blocking queue or synchronized methods.
How would you implement a concurrent data structure, like a thread-safe queue?

Implement using locks (mutexes), condition variables, or concurrent collections provided by the language's standard library, like ConcurrentLinkedQueue in Java.
Behavioral and Theoretical Questions
What are some design patterns used in multithreading?

Singleton, Immutable, Producer-Consumer, Future/Promise, and Thread Pool patterns.
How do you test multithreaded code?

Write unit tests with various scenarios, use thread-safe testing libraries, stress tests, and tools like profilers and debuggers to detect race conditions and deadlocks.
What are some ways to handle exceptions in multithreading?

Use try-catch blocks within the thread's run method, use thread-specific uncaught exception handlers, or propagate exceptions to the main thread using Future or CompletableFuture in Java.
Practical Coding Questions
Write a code snippet to demonstrate thread creation and synchronization.

Example in Java:
java
Copy code
public class Counter {
    private int count = 0;

    public synchronized void increment() {
        count++;
    }

    public synchronized int getCount() {
        return count;
    }
}

public class CounterThread extends Thread {
    private Counter counter;

    public CounterThread(Counter counter) {
        this.counter = counter;
    }

    @Override
    public void run() {
        for (int i = 0; i < 1000; i++) {
            counter.increment();
        }
    }

    public static void main(String[] args) {
        Counter counter = new Counter();
        Thread t1 = new CounterThread(counter);
        Thread t2 = new CounterThread(counter);

        t1.start();
        t2.start();

        try {
            t1.join();
            t2.join();
        } catch (InterruptedException e) {
            e.printStackTrace();
        }

        System.out.println("Final count: " + counter.getCount());
    }
}
Implement a solution for the Dining Philosophers problem.

This problem can be solved using different approaches like Dijkstras solution, Chandy/Misra solution, etc.
These questions cover a range of topics and difficulty levels, giving a comprehensive understanding of a candidate's knowledge and experience with multithreading.
